[0m[[0m[0mdebug[0m] [0m[0m> Exec(run, Some(dbcb08b2-349e-4f58-8119-347c2e6b4c73), Some(CommandSource(console0)))[0m
[0m[[0m[0mdebug[0m] [0m[0mEvaluating tasks: Compile / run[0m
[0m[[0m[0mdebug[0m] [0m[0mRunning task... Cancel: Signal, check cycles: false, forcegc: true[0m
[0m[[0m[0mdebug[0m] [0m[0mRunning task... Cancel: Signal, check cycles: false, forcegc: true[0m
[0m[[0m[0minfo[0m] [0m[0mcompiling 11 Scala sources and 1 Java source to /Users/lbsanchez/Desktop/filesLoreto/08-07-2024/intro-play/target/scala-2.13/classes ...[0m
[0m[[0m[31merror[0m] [0m[0m/Users/lbsanchez/Desktop/filesLoreto/08-07-2024/intro-play/app/controllers/HomeController.scala:34:24: not enough arguments for method apply: (name: String): play.twirl.api.HtmlFormat.Appendable in object hello.[0m
[0m[[0m[31merror[0m] [0m[0mUnspecified value parameter name.[0m
[0m[[0m[31merror[0m] [0m[0m    Ok(views.html.hello())[0m
[0m[[0m[31merror[0m] [0m[0m                       ^[0m
[0m[[0m[31merror[0m] [0m[0m/Users/lbsanchez/Desktop/filesLoreto/08-07-2024/intro-play/conf/routes:7:1: value index is not a member of controllers.HomeController[0m
[0m[[0m[31merror[0m] [0m[0mGET     /                                   controllers.HomeController.index()[0m
[0m[[0m[31merror[0m] [0m[0m/Users/lbsanchez/Desktop/filesLoreto/08-07-2024/intro-play/conf/routes:8:1: value explore is not a member of controllers.HomeController[0m
[0m[[0m[31merror[0m] [0m[0mGET     /explore                            controllers.HomeController.explore()[0m
[0m[[0m[31merror[0m] [0m[0m/Users/lbsanchez/Desktop/filesLoreto/08-07-2024/intro-play/conf/routes:9:1: value tutorial is not a member of controllers.HomeController[0m
[0m[[0m[31merror[0m] [0m[0mGET     /tutorial                           controllers.HomeController.tutorial()[0m
[0m[[0m[31merror[0m] [0m[0m/Users/lbsanchez/Desktop/filesLoreto/08-07-2024/intro-play/app/views/explore.scala.html:3:7: no arguments allowed for nullary method apply: (): play.twirl.api.HtmlFormat.Appendable in object main[0m
[0m[[0m[31merror[0m] [0m[0m@main("Hello World") {[0m
[0m[[0m[31merror[0m] [0m[0m      ^[0m
[0m[[0m[31merror[0m] [0m[0m/Users/lbsanchez/Desktop/filesLoreto/08-07-2024/intro-play/app/views/hello.scala.html:3:7: no arguments allowed for nullary method apply: (): play.twirl.api.HtmlFormat.Appendable in object main[0m
[0m[[0m[31merror[0m] [0m[0m@main("Hello") {[0m
[0m[[0m[31merror[0m] [0m[0m      ^[0m
[0m[[0m[31merror[0m] [0m[0m/Users/lbsanchez/Desktop/filesLoreto/08-07-2024/intro-play/app/views/index.scala.html:3:7: no arguments allowed for nullary method apply: (): play.twirl.api.HtmlFormat.Appendable in object main[0m
[0m[[0m[31merror[0m] [0m[0m@main("Welcome") {[0m
[0m[[0m[31merror[0m] [0m[0m      ^[0m
[0m[[0m[31merror[0m] [0m[0m/Users/lbsanchez/Desktop/filesLoreto/08-07-2024/intro-play/app/views/main.scala.html:7:3: not found: value title[0m
[0m[[0m[31merror[0m] [0m[0m@(title: String)(content: Html)[0m
[0m[[0m[31merror[0m] [0m[0m  ^[0m
[0m[[0m[31merror[0m] [0m[0m/Users/lbsanchez/Desktop/filesLoreto/08-07-2024/intro-play/app/views/main.scala.html:13:13: not found: value title[0m
[0m[[0m[31merror[0m] [0m[0m    <title>@title</title>[0m
[0m[[0m[31merror[0m] [0m[0m            ^[0m
[0m[[0m[31merror[0m] [0m[0m/Users/lbsanchez/Desktop/filesLoreto/08-07-2024/intro-play/app/views/main.scala.html:29:6: not found: value content[0m
[0m[[0m[31merror[0m] [0m[0m    @content[0m
[0m[[0m[31merror[0m] [0m[0m     ^[0m
[0m[[0m[31merror[0m] [0m[0m/Users/lbsanchez/Desktop/filesLoreto/08-07-2024/intro-play/app/views/tutorial.scala.html:3:7: no arguments allowed for nullary method apply: (): play.twirl.api.HtmlFormat.Appendable in object main[0m
[0m[[0m[31merror[0m] [0m[0m@main("Hello World") {[0m
[0m[[0m[31merror[0m] [0m[0m      ^[0m
[0m[[0m[31merror[0m] [0m[0m11 errors found[0m
[0m[[0m[31merror[0m] [0m[0m(Compile / [31mcompileIncremental[0m) Compilation failed[0m
[0m[[0m[0mdebug[0m] [0m[0mRunning task... Cancel: Signal, check cycles: false, forcegc: true[0m
[0m[[0m[0mdebug[0m] [0m[0mRunning task... Cancel: Signal, check cycles: false, forcegc: true[0m
[0m[[0m[0mdebug[0m] [0m[0mRunning task... Cancel: Signal, check cycles: false, forcegc: true[0m
[0m[[0m[0minfo[0m] [0m[0mcompiling 11 Scala sources and 1 Java source to /Users/lbsanchez/Desktop/filesLoreto/08-07-2024/intro-play/target/scala-2.13/classes ...[0m
[0m[[0m[31merror[0m] [0m[0m/Users/lbsanchez/Desktop/filesLoreto/08-07-2024/intro-play/app/controllers/HomeController.scala:34:25: not found: value name[0m
[0m[[0m[31merror[0m] [0m[0m    Ok(views.html.hello(name))[0m
[0m[[0m[31merror[0m] [0m[0m                        ^[0m
[0m[[0m[31merror[0m] [0m[0m/Users/lbsanchez/Desktop/filesLoreto/08-07-2024/intro-play/app/views/explore.scala.html:3:7: no arguments allowed for nullary method apply: (): play.twirl.api.HtmlFormat.Appendable in object main[0m
[0m[[0m[31merror[0m] [0m[0m@main("Hello World") {[0m
[0m[[0m[31merror[0m] [0m[0m      ^[0m
[0m[[0m[31merror[0m] [0m[0m/Users/lbsanchez/Desktop/filesLoreto/08-07-2024/intro-play/app/views/hello.scala.html:3:7: no arguments allowed for nullary method apply: (): play.twirl.api.HtmlFormat.Appendable in object main[0m
[0m[[0m[31merror[0m] [0m[0m@main("Hello") {[0m
[0m[[0m[31merror[0m] [0m[0m      ^[0m
[0m[[0m[31merror[0m] [0m[0m/Users/lbsanchez/Desktop/filesLoreto/08-07-2024/intro-play/app/views/index.scala.html:3:7: no arguments allowed for nullary method apply: (): play.twirl.api.HtmlFormat.Appendable in object main[0m
[0m[[0m[31merror[0m] [0m[0m@main("Welcome") {[0m
[0m[[0m[31merror[0m] [0m[0m      ^[0m
[0m[[0m[31merror[0m] [0m[0m/Users/lbsanchez/Desktop/filesLoreto/08-07-2024/intro-play/app/views/main.scala.html:7:3: not found: value title[0m
[0m[[0m[31merror[0m] [0m[0m@(title: String)(content: Html)[0m
[0m[[0m[31merror[0m] [0m[0m  ^[0m
[0m[[0m[31merror[0m] [0m[0m/Users/lbsanchez/Desktop/filesLoreto/08-07-2024/intro-play/app/views/main.scala.html:13:13: not found: value title[0m
[0m[[0m[31merror[0m] [0m[0m    <title>@title</title>[0m
[0m[[0m[31merror[0m] [0m[0m            ^[0m
[0m[[0m[31merror[0m] [0m[0m/Users/lbsanchez/Desktop/filesLoreto/08-07-2024/intro-play/app/views/main.scala.html:29:6: not found: value content[0m
[0m[[0m[31merror[0m] [0m[0m    @content[0m
[0m[[0m[31merror[0m] [0m[0m     ^[0m
[0m[[0m[31merror[0m] [0m[0m/Users/lbsanchez/Desktop/filesLoreto/08-07-2024/intro-play/app/views/tutorial.scala.html:3:7: no arguments allowed for nullary method apply: (): play.twirl.api.HtmlFormat.Appendable in object main[0m
[0m[[0m[31merror[0m] [0m[0m@main("Hello World") {[0m
[0m[[0m[31merror[0m] [0m[0m      ^[0m
[0m[[0m[31merror[0m] [0m[0m8 errors found[0m
[0m[[0m[31merror[0m] [0m[0m(Compile / [31mcompileIncremental[0m) Compilation failed[0m
[0m[[0m[0mdebug[0m] [0m[0mRunning task... Cancel: Signal, check cycles: false, forcegc: true[0m
[0m[[0m[0mdebug[0m] [0m[0mRunning task... Cancel: Signal, check cycles: false, forcegc: true[0m
[0m[[0m[0mdebug[0m] [0m[0mRunning task... Cancel: Signal, check cycles: false, forcegc: true[0m
[0m[[0m[0minfo[0m] [0m[0mcompiling 11 Scala sources and 1 Java source to /Users/lbsanchez/Desktop/filesLoreto/08-07-2024/intro-play/target/scala-2.13/classes ...[0m
[0m[[0m[31merror[0m] [0m[0m/Users/lbsanchez/Desktop/filesLoreto/08-07-2024/intro-play/conf/routes:10:1: no arguments allowed for nullary method hello: (): play.api.mvc.Action[play.api.mvc.AnyContent][0m
[0m[[0m[31merror[0m] [0m[0mGET 	/hello 							controllers.HomeController.hello(name: String)[0m
[0m[[0m[31merror[0m] [0m[0m/Users/lbsanchez/Desktop/filesLoreto/08-07-2024/intro-play/app/views/explore.scala.html:3:7: no arguments allowed for nullary method apply: (): play.twirl.api.HtmlFormat.Appendable in object main[0m
[0m[[0m[31merror[0m] [0m[0m@main("Hello World") {[0m
[0m[[0m[31merror[0m] [0m[0m      ^[0m
[0m[[0m[31merror[0m] [0m[0m/Users/lbsanchez/Desktop/filesLoreto/08-07-2024/intro-play/app/views/hello.scala.html:3:7: no arguments allowed for nullary method apply: (): play.twirl.api.HtmlFormat.Appendable in object main[0m
[0m[[0m[31merror[0m] [0m[0m@main("Hello") {[0m
[0m[[0m[31merror[0m] [0m[0m      ^[0m
[0m[[0m[31merror[0m] [0m[0m/Users/lbsanchez/Desktop/filesLoreto/08-07-2024/intro-play/app/views/index.scala.html:3:7: no arguments allowed for nullary method apply: (): play.twirl.api.HtmlFormat.Appendable in object main[0m
[0m[[0m[31merror[0m] [0m[0m@main("Welcome") {[0m
[0m[[0m[31merror[0m] [0m[0m      ^[0m
[0m[[0m[31merror[0m] [0m[0m/Users/lbsanchez/Desktop/filesLoreto/08-07-2024/intro-play/app/views/main.scala.html:7:3: not found: value title[0m
[0m[[0m[31merror[0m] [0m[0m@(title: String)(content: Html)[0m
[0m[[0m[31merror[0m] [0m[0m  ^[0m
[0m[[0m[31merror[0m] [0m[0m/Users/lbsanchez/Desktop/filesLoreto/08-07-2024/intro-play/app/views/main.scala.html:13:13: not found: value title[0m
[0m[[0m[31merror[0m] [0m[0m    <title>@title</title>[0m
[0m[[0m[31merror[0m] [0m[0m            ^[0m
[0m[[0m[31merror[0m] [0m[0m/Users/lbsanchez/Desktop/filesLoreto/08-07-2024/intro-play/app/views/main.scala.html:29:6: not found: value content[0m
[0m[[0m[31merror[0m] [0m[0m    @content[0m
[0m[[0m[31merror[0m] [0m[0m     ^[0m
[0m[[0m[31merror[0m] [0m[0m/Users/lbsanchez/Desktop/filesLoreto/08-07-2024/intro-play/app/views/tutorial.scala.html:3:7: no arguments allowed for nullary method apply: (): play.twirl.api.HtmlFormat.Appendable in object main[0m
[0m[[0m[31merror[0m] [0m[0m@main("Hello World") {[0m
[0m[[0m[31merror[0m] [0m[0m      ^[0m
[0m[[0m[31merror[0m] [0m[0m8 errors found[0m
[0m[[0m[31merror[0m] [0m[0m(Compile / [31mcompileIncremental[0m) Compilation failed[0m
[0m[[0m[0mdebug[0m] [0m[0mRunning task... Cancel: Signal, check cycles: false, forcegc: true[0m
[0m[[0m[0mdebug[0m] [0m[0mRunning task... Cancel: Signal, check cycles: false, forcegc: true[0m
[0m[[0m[0mdebug[0m] [0m[0mRunning task... Cancel: Signal, check cycles: false, forcegc: true[0m
[0m[[0m[0minfo[0m] [0m[0mcompiling 11 Scala sources and 1 Java source to /Users/lbsanchez/Desktop/filesLoreto/08-07-2024/intro-play/target/scala-2.13/classes ...[0m
[0m[[0m[31merror[0m] [0m[0m/Users/lbsanchez/Desktop/filesLoreto/08-07-2024/intro-play/conf/routes:10:1: no arguments allowed for nullary method hello: (): play.api.mvc.Action[play.api.mvc.AnyContent][0m
[0m[[0m[31merror[0m] [0m[0mGET 	/hello 							controllers.HomeController.hello(name: String)[0m
[0m[[0m[31merror[0m] [0m[0m/Users/lbsanchez/Desktop/filesLoreto/08-07-2024/intro-play/app/views/explore.scala.html:3:7: no arguments allowed for nullary method apply: (): play.twirl.api.HtmlFormat.Appendable in object main[0m
[0m[[0m[31merror[0m] [0m[0m@main("Hello World") {[0m
[0m[[0m[31merror[0m] [0m[0m      ^[0m
[0m[[0m[31merror[0m] [0m[0m/Users/lbsanchez/Desktop/filesLoreto/08-07-2024/intro-play/app/views/hello.scala.html:3:7: no arguments allowed for nullary method apply: (): play.twirl.api.HtmlFormat.Appendable in object main[0m
[0m[[0m[31merror[0m] [0m[0m@main("") {[0m
[0m[[0m[31merror[0m] [0m[0m      ^[0m
[0m[[0m[31merror[0m] [0m[0m/Users/lbsanchez/Desktop/filesLoreto/08-07-2024/intro-play/app/views/index.scala.html:3:7: no arguments allowed for nullary method apply: (): play.twirl.api.HtmlFormat.Appendable in object main[0m
[0m[[0m[31merror[0m] [0m[0m@main("Welcome") {[0m
[0m[[0m[31merror[0m] [0m[0m      ^[0m
[0m[[0m[31merror[0m] [0m[0m/Users/lbsanchez/Desktop/filesLoreto/08-07-2024/intro-play/app/views/main.scala.html:7:3: not found: value title[0m
[0m[[0m[31merror[0m] [0m[0m@(title: String)(content: Html)[0m
[0m[[0m[31merror[0m] [0m[0m  ^[0m
[0m[[0m[31merror[0m] [0m[0m/Users/lbsanchez/Desktop/filesLoreto/08-07-2024/intro-play/app/views/main.scala.html:13:13: not found: value title[0m
[0m[[0m[31merror[0m] [0m[0m    <title>@title</title>[0m
[0m[[0m[31merror[0m] [0m[0m            ^[0m
[0m[[0m[31merror[0m] [0m[0m/Users/lbsanchez/Desktop/filesLoreto/08-07-2024/intro-play/app/views/main.scala.html:29:6: not found: value content[0m
[0m[[0m[31merror[0m] [0m[0m    @content[0m
[0m[[0m[31merror[0m] [0m[0m     ^[0m
[0m[[0m[31merror[0m] [0m[0m/Users/lbsanchez/Desktop/filesLoreto/08-07-2024/intro-play/app/views/tutorial.scala.html:3:7: no arguments allowed for nullary method apply: (): play.twirl.api.HtmlFormat.Appendable in object main[0m
[0m[[0m[31merror[0m] [0m[0m@main("Hello World") {[0m
[0m[[0m[31merror[0m] [0m[0m      ^[0m
[0m[[0m[31merror[0m] [0m[0m8 errors found[0m
[0m[[0m[31merror[0m] [0m[0m(Compile / [31mcompileIncremental[0m) Compilation failed[0m
[0m[[0m[0mdebug[0m] [0m[0mRunning task... Cancel: Signal, check cycles: false, forcegc: true[0m
[0m[[0m[0mdebug[0m] [0m[0mRunning task... Cancel: Signal, check cycles: false, forcegc: true[0m
[0m[[0m[0mdebug[0m] [0m[0mRunning task... Cancel: Signal, check cycles: false, forcegc: true[0m
[0m[[0m[0minfo[0m] [0m[0mcompiling 11 Scala sources and 1 Java source to /Users/lbsanchez/Desktop/filesLoreto/08-07-2024/intro-play/target/scala-2.13/classes ...[0m
[0m[[0m[31merror[0m] [0m[0m/Users/lbsanchez/Desktop/filesLoreto/08-07-2024/intro-play/conf/routes:10:1: no arguments allowed for nullary method hello: (): play.api.mvc.Action[play.api.mvc.AnyContent][0m
[0m[[0m[31merror[0m] [0m[0mGET 	/hello 							controllers.HomeController.hello(name: String)[0m
[0m[[0m[31merror[0m] [0m[0m/Users/lbsanchez/Desktop/filesLoreto/08-07-2024/intro-play/app/views/explore.scala.html:3:7: no arguments allowed for nullary method apply: (): play.twirl.api.HtmlFormat.Appendable in object main[0m
[0m[[0m[31merror[0m] [0m[0m@main("Hello World") {[0m
[0m[[0m[31merror[0m] [0m[0m      ^[0m
[0m[[0m[31merror[0m] [0m[0m/Users/lbsanchez/Desktop/filesLoreto/08-07-2024/intro-play/app/views/hello.scala.html:3:7: no arguments allowed for nullary method apply: (): play.twirl.api.HtmlFormat.Appendable in object main[0m
[0m[[0m[31merror[0m] [0m[0m@main(" ") {[0m
[0m[[0m[31merror[0m] [0m[0m      ^[0m
[0m[[0m[31merror[0m] [0m[0m/Users/lbsanchez/Desktop/filesLoreto/08-07-2024/intro-play/app/views/index.scala.html:3:7: no arguments allowed for nullary method apply: (): play.twirl.api.HtmlFormat.Appendable in object main[0m
[0m[[0m[31merror[0m] [0m[0m@main("Welcome") {[0m
[0m[[0m[31merror[0m] [0m[0m      ^[0m
[0m[[0m[31merror[0m] [0m[0m/Users/lbsanchez/Desktop/filesLoreto/08-07-2024/intro-play/app/views/main.scala.html:7:3: not found: value title[0m
[0m[[0m[31merror[0m] [0m[0m@(title: String)(content: Html)[0m
[0m[[0m[31merror[0m] [0m[0m  ^[0m
[0m[[0m[31merror[0m] [0m[0m/Users/lbsanchez/Desktop/filesLoreto/08-07-2024/intro-play/app/views/main.scala.html:13:13: not found: value title[0m
[0m[[0m[31merror[0m] [0m[0m    <title>@title</title>[0m
[0m[[0m[31merror[0m] [0m[0m            ^[0m
[0m[[0m[31merror[0m] [0m[0m/Users/lbsanchez/Desktop/filesLoreto/08-07-2024/intro-play/app/views/main.scala.html:29:6: not found: value content[0m
[0m[[0m[31merror[0m] [0m[0m    @content[0m
[0m[[0m[31merror[0m] [0m[0m     ^[0m
[0m[[0m[31merror[0m] [0m[0m/Users/lbsanchez/Desktop/filesLoreto/08-07-2024/intro-play/app/views/tutorial.scala.html:3:7: no arguments allowed for nullary method apply: (): play.twirl.api.HtmlFormat.Appendable in object main[0m
[0m[[0m[31merror[0m] [0m[0m@main("Hello World") {[0m
[0m[[0m[31merror[0m] [0m[0m      ^[0m
[0m[[0m[31merror[0m] [0m[0m8 errors found[0m
[0m[[0m[31merror[0m] [0m[0m(Compile / [31mcompileIncremental[0m) Compilation failed[0m
[0m[[0m[0mdebug[0m] [0m[0mRunning task... Cancel: Signal, check cycles: false, forcegc: true[0m
[0m[[0m[0mdebug[0m] [0m[0mRunning task... Cancel: Signal, check cycles: false, forcegc: true[0m
[0m[[0m[0mdebug[0m] [0m[0mRunning task... Cancel: Signal, check cycles: false, forcegc: true[0m
[0m[[0m[0minfo[0m] [0m[0mcompiling 11 Scala sources and 1 Java source to /Users/lbsanchez/Desktop/filesLoreto/08-07-2024/intro-play/target/scala-2.13/classes ...[0m
[0m[[0m[31merror[0m] [0m[0m/Users/lbsanchez/Desktop/filesLoreto/08-07-2024/intro-play/conf/routes:10:1: no arguments allowed for nullary method hello: (): play.api.mvc.Action[play.api.mvc.AnyContent][0m
[0m[[0m[31merror[0m] [0m[0mGET 	/hello 							controllers.HomeController.hello(name: String)[0m
[0m[[0m[31merror[0m] [0m[0m/Users/lbsanchez/Desktop/filesLoreto/08-07-2024/intro-play/app/views/explore.scala.html:3:7: no arguments allowed for nullary method apply: (): play.twirl.api.HtmlFormat.Appendable in object main[0m
[0m[[0m[31merror[0m] [0m[0m@main("Hello World") {[0m
[0m[[0m[31merror[0m] [0m[0m      ^[0m
[0m[[0m[31merror[0m] [0m[0m/Users/lbsanchez/Desktop/filesLoreto/08-07-2024/intro-play/app/views/hello.scala.html:3:7: no arguments allowed for nullary method apply: (): play.twirl.api.HtmlFormat.Appendable in object main[0m
[0m[[0m[31merror[0m] [0m[0m@main(" ") {[0m
[0m[[0m[31merror[0m] [0m[0m      ^[0m
[0m[[0m[31merror[0m] [0m[0m/Users/lbsanchez/Desktop/filesLoreto/08-07-2024/intro-play/app/views/index.scala.html:3:7: no arguments allowed for nullary method apply: (): play.twirl.api.HtmlFormat.Appendable in object main[0m
[0m[[0m[31merror[0m] [0m[0m@main("Welcome") {[0m
[0m[[0m[31merror[0m] [0m[0m      ^[0m
[0m[[0m[31merror[0m] [0m[0m/Users/lbsanchez/Desktop/filesLoreto/08-07-2024/intro-play/app/views/main.scala.html:7:3: not found: value title[0m
[0m[[0m[31merror[0m] [0m[0m@(title: String)(content: Html)[0m
[0m[[0m[31merror[0m] [0m[0m  ^[0m
[0m[[0m[31merror[0m] [0m[0m/Users/lbsanchez/Desktop/filesLoreto/08-07-2024/intro-play/app/views/main.scala.html:13:13: not found: value title[0m
[0m[[0m[31merror[0m] [0m[0m    <title>@title</title>[0m
[0m[[0m[31merror[0m] [0m[0m            ^[0m
[0m[[0m[31merror[0m] [0m[0m/Users/lbsanchez/Desktop/filesLoreto/08-07-2024/intro-play/app/views/main.scala.html:29:6: not found: value content[0m
[0m[[0m[31merror[0m] [0m[0m    @content[0m
[0m[[0m[31merror[0m] [0m[0m     ^[0m
[0m[[0m[31merror[0m] [0m[0m/Users/lbsanchez/Desktop/filesLoreto/08-07-2024/intro-play/app/views/tutorial.scala.html:3:7: no arguments allowed for nullary method apply: (): play.twirl.api.HtmlFormat.Appendable in object main[0m
[0m[[0m[31merror[0m] [0m[0m@main("Hello World") {[0m
[0m[[0m[31merror[0m] [0m[0m      ^[0m
[0m[[0m[31merror[0m] [0m[0m8 errors found[0m
[0m[[0m[31merror[0m] [0m[0m(Compile / [31mcompileIncremental[0m) Compilation failed[0m
[0m[[0m[0mdebug[0m] [0m[0mRunning task... Cancel: Signal, check cycles: false, forcegc: true[0m
[0m[[0m[0mdebug[0m] [0m[0mRunning task... Cancel: Signal, check cycles: false, forcegc: true[0m
[0m[[0m[0mdebug[0m] [0m[0mRunning task... Cancel: Signal, check cycles: false, forcegc: true[0m
[0m[[0m[0minfo[0m] [0m[0mcompiling 11 Scala sources and 1 Java source to /Users/lbsanchez/Desktop/filesLoreto/08-07-2024/intro-play/target/scala-2.13/classes ...[0m
[0m[[0m[0mdebug[0m] [0m[0mRunning task... Cancel: Signal, check cycles: false, forcegc: true[0m
[0m[[0m[0mdebug[0m] [0m[0mExporting web-assets:play-scala-hello-world-tutorial[0m
[0m[[0m[0mdebug[0m] [0m[0mRunning task... Cancel: Signal, check cycles: false, forcegc: true[0m
[0m[[0m[0minfo[0m] [0m[0mcompiling 1 Scala source to /Users/lbsanchez/Desktop/filesLoreto/08-07-2024/intro-play/target/scala-2.13/classes ...[0m
[0m[[0m[0mdebug[0m] [0m[0mForcing garbage collection...[0m
[0m[[0m[0mdebug[0m] [0m[0mRunning task... Cancel: Signal, check cycles: false, forcegc: true[0m
[0m[[0m[0mdebug[0m] [0m[0mExporting web-assets:play-scala-hello-world-tutorial[0m
[0m[[0m[0mdebug[0m] [0m[0mRunning task... Cancel: Signal, check cycles: false, forcegc: true[0m
[0m[[0m[0minfo[0m] [0m[0mcompiling 1 Scala source to /Users/lbsanchez/Desktop/filesLoreto/08-07-2024/intro-play/target/scala-2.13/classes ...[0m
[0m[[0m[0mdebug[0m] [0m[0mRunning task... Cancel: Signal, check cycles: false, forcegc: true[0m
[0m[[0m[0mdebug[0m] [0m[0mExporting web-assets:play-scala-hello-world-tutorial[0m
[0m[[0m[0mdebug[0m] [0m[0mRunning task... Cancel: Signal, check cycles: false, forcegc: true[0m
[0m[[0m[0mdebug[0m] [0m[0mForcing garbage collection...[0m
[0m[[0m[0mdebug[0m] [0m[0mRunning task... Cancel: Signal, check cycles: false, forcegc: true[0m
[0m[[0m[0mdebug[0m] [0m[0mExporting web-assets:play-scala-hello-world-tutorial[0m
[0m[[0m[0mdebug[0m] [0m[0mRunning task... Cancel: Signal, check cycles: false, forcegc: true[0m
[0m[[0m[0minfo[0m] [0m[0mcompiling 3 Scala sources to /Users/lbsanchez/Desktop/filesLoreto/08-07-2024/intro-play/target/scala-2.13/classes ...[0m
[0m[[0m[0minfo[0m] [0m[0mcompiling 1 Java source to /Users/lbsanchez/Desktop/filesLoreto/08-07-2024/intro-play/target/scala-2.13/classes ...[0m
[0m[[0m[0mdebug[0m] [0m[0mRunning task... Cancel: Signal, check cycles: false, forcegc: true[0m
[0m[[0m[0mdebug[0m] [0m[0mExporting web-assets:play-scala-hello-world-tutorial[0m
[0m[[0m[0mdebug[0m] [0m[0mRunning task... Cancel: Signal, check cycles: false, forcegc: true[0m
[0m[[0m[0minfo[0m] [0m[0mcompiling 6 Scala sources to /Users/lbsanchez/Desktop/filesLoreto/08-07-2024/intro-play/target/scala-2.13/classes ...[0m
[0m[[0m[0minfo[0m] [0m[0mcompiling 1 Java source to /Users/lbsanchez/Desktop/filesLoreto/08-07-2024/intro-play/target/scala-2.13/classes ...[0m
[0m[[0m[0mdebug[0m] [0m[0mRunning task... Cancel: Signal, check cycles: false, forcegc: true[0m
[0m[[0m[0mdebug[0m] [0m[0mExporting web-assets:play-scala-hello-world-tutorial[0m
[0m[[0m[0mdebug[0m] [0m[0mRunning task... Cancel: Signal, check cycles: false, forcegc: true[0m
[0m[[0m[0minfo[0m] [0m[0mcompiling 1 Scala source to /Users/lbsanchez/Desktop/filesLoreto/08-07-2024/intro-play/target/scala-2.13/classes ...[0m
[0m[[0m[31merror[0m] [0m[0m/Users/lbsanchez/Desktop/filesLoreto/08-07-2024/intro-play/app/controllers/HomeController.scala:34:19: object name is not a member of package views.html[0m
[0m[[0m[31merror[0m] [0m[0m    Ok(views.html.name)[0m
[0m[[0m[31merror[0m] [0m[0m                  ^[0m
[0m[[0m[31merror[0m] [0m[0mone error found[0m
[0m[[0m[31merror[0m] [0m[0m(Compile / [31mcompileIncremental[0m) Compilation failed[0m
[0m[[0m[0mdebug[0m] [0m[0mRunning task... Cancel: Signal, check cycles: false, forcegc: true[0m
[0m[[0m[0mdebug[0m] [0m[0mRunning task... Cancel: Signal, check cycles: false, forcegc: true[0m
[0m[[0m[0mdebug[0m] [0m[0mRunning task... Cancel: Signal, check cycles: false, forcegc: true[0m
[0m[[0m[0minfo[0m] [0m[0mcompiling 1 Scala source to /Users/lbsanchez/Desktop/filesLoreto/08-07-2024/intro-play/target/scala-2.13/classes ...[0m
[0m[[0m[0mdebug[0m] [0m[0mRunning task... Cancel: Signal, check cycles: false, forcegc: true[0m
[0m[[0m[0mdebug[0m] [0m[0mExporting web-assets:play-scala-hello-world-tutorial[0m
[0m[[0m[0mdebug[0m] [0m[0mRunning task... Cancel: Signal, check cycles: false, forcegc: true[0m
[0m[[0m[0minfo[0m] [0m[0mcompiling 1 Scala source to /Users/lbsanchez/Desktop/filesLoreto/08-07-2024/intro-play/target/scala-2.13/classes ...[0m
[0m[[0m[0mdebug[0m] [0m[0mRunning task... Cancel: Signal, check cycles: false, forcegc: true[0m
[0m[[0m[0mdebug[0m] [0m[0mExporting web-assets:play-scala-hello-world-tutorial[0m
[0m[[0m[0mdebug[0m] [0m[0mRunning task... Cancel: Signal, check cycles: false, forcegc: true[0m
[0m[[0m[0mdebug[0m] [0m[0mRunning task... Cancel: Signal, check cycles: false, forcegc: true[0m
[0m[[0m[0mdebug[0m] [0m[0mExporting web-assets:play-scala-hello-world-tutorial[0m
[0m[[0m[0mdebug[0m] [0m[0mRunning task... Cancel: Signal, check cycles: false, forcegc: true[0m
[0m[[0m[0minfo[0m] [0m[0mcompiling 3 Scala sources to /Users/lbsanchez/Desktop/filesLoreto/08-07-2024/intro-play/target/scala-2.13/classes ...[0m
[0m[[0m[0minfo[0m] [0m[0mcompiling 1 Java source to /Users/lbsanchez/Desktop/filesLoreto/08-07-2024/intro-play/target/scala-2.13/classes ...[0m
[0m[[0m[0mdebug[0m] [0m[0mRunning task... Cancel: Signal, check cycles: false, forcegc: true[0m
[0m[[0m[0mdebug[0m] [0m[0mExporting web-assets:play-scala-hello-world-tutorial[0m
[0m[[0m[0mdebug[0m] [0m[0mRunning task... Cancel: Signal, check cycles: false, forcegc: true[0m
[0m[[0m[0minfo[0m] [0m[0mcompiling 6 Scala sources to /Users/lbsanchez/Desktop/filesLoreto/08-07-2024/intro-play/target/scala-2.13/classes ...[0m
[0m[[0m[0minfo[0m] [0m[0mcompiling 1 Java source to /Users/lbsanchez/Desktop/filesLoreto/08-07-2024/intro-play/target/scala-2.13/classes ...[0m
[0m[[0m[0mdebug[0m] [0m[0mForcing garbage collection...[0m
[0m[[0m[0mdebug[0m] [0m[0mRunning task... Cancel: Signal, check cycles: false, forcegc: true[0m
[0m[[0m[0mdebug[0m] [0m[0mExporting web-assets:play-scala-hello-world-tutorial[0m
[0m[[0m[0mdebug[0m] [0m[0mRunning task... Cancel: Signal, check cycles: false, forcegc: true[0m
[0m[[0m[0minfo[0m] [0m[0mcompiling 1 Scala source to /Users/lbsanchez/Desktop/filesLoreto/08-07-2024/intro-play/target/scala-2.13/classes ...[0m
[0m[[0m[31merror[0m] [0m[0m/Users/lbsanchez/Desktop/filesLoreto/08-07-2024/intro-play/app/views/index.scala.html:4:1: illegal start of simple expression[0m
[0m[[0m[31merror[0m] [0m[0m@defining(play.core.PlayVersion.current) { version =>[0m
[0m[[0m[31merror[0m] [0m[0m^[0m
[0m[[0m[31merror[0m] [0m[0m/Users/lbsanchez/Desktop/filesLoreto/08-07-2024/intro-play/app/views/index.scala.html:71:2: ')' expected but '}' found.[0m
[0m[[0m[31merror[0m] [0m[0m)[0m
[0m[[0m[31merror[0m] [0m[0m ^[0m
[0m[[0m[31merror[0m] [0m[0mtwo errors found[0m
[0m[[0m[0mdebug[0m] [0m[0mForcing garbage collection...[0m
[0m[[0m[31merror[0m] [0m[0m(Compile / [31mcompileIncremental[0m) Compilation failed[0m
[0m[[0m[0mdebug[0m] [0m[0mRunning task... Cancel: Signal, check cycles: false, forcegc: true[0m
[0m[[0m[0mdebug[0m] [0m[0mRunning task... Cancel: Signal, check cycles: false, forcegc: true[0m
[0m[[0m[0mdebug[0m] [0m[0mRunning task... Cancel: Signal, check cycles: false, forcegc: true[0m
[0m[[0m[0minfo[0m] [0m[0mcompiling 1 Scala source to /Users/lbsanchez/Desktop/filesLoreto/08-07-2024/intro-play/target/scala-2.13/classes ...[0m
[0m[[0m[31merror[0m] [0m[0m/Users/lbsanchez/Desktop/filesLoreto/08-07-2024/intro-play/app/views/index.scala.html:4:1: illegal start of simple expression[0m
[0m[[0m[31merror[0m] [0m[0m@defining(play.core.PlayVersion.current) { version =>[0m
[0m[[0m[31merror[0m] [0m[0m^[0m
[0m[[0m[31merror[0m] [0m[0m/Users/lbsanchez/Desktop/filesLoreto/08-07-2024/intro-play/app/views/index.scala.html:71:2: ')' expected but '}' found.[0m
[0m[[0m[31merror[0m] [0m[0m)[0m
[0m[[0m[31merror[0m] [0m[0m ^[0m
[0m[[0m[31merror[0m] [0m[0mtwo errors found[0m
[0m[[0m[31merror[0m] [0m[0m(Compile / [31mcompileIncremental[0m) Compilation failed[0m
[0m[[0m[0mdebug[0m] [0m[0mRunning task... Cancel: Signal, check cycles: false, forcegc: true[0m
[0m[[0m[0mdebug[0m] [0m[0mRunning task... Cancel: Signal, check cycles: false, forcegc: true[0m
[0m[[0m[0mdebug[0m] [0m[0mRunning task... Cancel: Signal, check cycles: false, forcegc: true[0m
[0m[[0m[0minfo[0m] [0m[0mcompiling 1 Scala source to /Users/lbsanchez/Desktop/filesLoreto/08-07-2024/intro-play/target/scala-2.13/classes ...[0m
[0m[[0m[31merror[0m] [0m[0m/Users/lbsanchez/Desktop/filesLoreto/08-07-2024/intro-play/app/views/hello.scala.html:4:3: type mismatch;[0m
[0m[[0m[31merror[0m] [0m[0m found   : scala.xml.Elem[0m
[0m[[0m[31merror[0m] [0m[0m required: play.twirl.api.Html[0m
[0m[[0m[31merror[0m] [0m[0m  <section id="content">[0m
[0m[[0m[31merror[0m] [0m[0m  ^[0m
[0m[[0m[31merror[0m] [0m[0mone error found[0m
[0m[[0m[31merror[0m] [0m[0m(Compile / [31mcompileIncremental[0m) Compilation failed[0m
[0m[[0m[0mdebug[0m] [0m[0mRunning task... Cancel: Signal, check cycles: false, forcegc: true[0m
[0m[[0m[0mdebug[0m] [0m[0mRunning task... Cancel: Signal, check cycles: false, forcegc: true[0m
[0m[[0m[0mdebug[0m] [0m[0mRunning task... Cancel: Signal, check cycles: false, forcegc: true[0m
[0m[[0m[0mdebug[0m] [0m[0mRunning task... Cancel: Signal, check cycles: false, forcegc: true[0m
[0m[[0m[0mdebug[0m] [0m[0mExporting web-assets:play-scala-hello-world-tutorial[0m
[0m[[0m[0mdebug[0m] [0m[0mRunning task... Cancel: Signal, check cycles: false, forcegc: true[0m
[0m[[0m[0minfo[0m] [0m[0mcompiling 1 Scala source to /Users/lbsanchez/Desktop/filesLoreto/08-07-2024/intro-play/target/scala-2.13/classes ...[0m
[0m[[0m[0mdebug[0m] [0m[0mRunning task... Cancel: Signal, check cycles: false, forcegc: true[0m
[0m[[0m[0mdebug[0m] [0m[0mExporting web-assets:play-scala-hello-world-tutorial[0m
[0m[[0m[0mdebug[0m] [0m[0mRunning task... Cancel: Signal, check cycles: false, forcegc: true[0m
[0m[[0m[0minfo[0m] [0m[0mcompiling 3 Scala sources to /Users/lbsanchez/Desktop/filesLoreto/08-07-2024/intro-play/target/scala-2.13/classes ...[0m
[0m[[0m[0minfo[0m] [0m[0mcompiling 1 Java source to /Users/lbsanchez/Desktop/filesLoreto/08-07-2024/intro-play/target/scala-2.13/classes ...[0m
[0m[[0m[0mdebug[0m] [0m[0mRunning task... Cancel: Signal, check cycles: false, forcegc: true[0m
[0m[[0m[0mdebug[0m] [0m[0mExporting web-assets:play-scala-hello-world-tutorial[0m
[0m[[0m[0mdebug[0m] [0m[0mRunning task... Cancel: Signal, check cycles: false, forcegc: true[0m
[0m[[0m[0minfo[0m] [0m[0mcompiling 3 Scala sources to /Users/lbsanchez/Desktop/filesLoreto/08-07-2024/intro-play/target/scala-2.13/classes ...[0m
[0m[[0m[0minfo[0m] [0m[0mcompiling 1 Java source to /Users/lbsanchez/Desktop/filesLoreto/08-07-2024/intro-play/target/scala-2.13/classes ...[0m
[0m[[0m[0mdebug[0m] [0m[0mRunning task... Cancel: Signal, check cycles: false, forcegc: true[0m
[0m[[0m[0mdebug[0m] [0m[0mExporting web-assets:play-scala-hello-world-tutorial[0m
[0m[[0m[0mdebug[0m] [0m[0mRunning task... Cancel: Signal, check cycles: false, forcegc: true[0m
[0m[[0m[0minfo[0m] [0m[0mcompiling 3 Scala sources to /Users/lbsanchez/Desktop/filesLoreto/08-07-2024/intro-play/target/scala-2.13/classes ...[0m
[0m[[0m[31merror[0m] [0m[0m/Users/lbsanchez/Desktop/filesLoreto/08-07-2024/intro-play/conf/routes:10:1: not enough arguments for method hello: (name: String): play.api.mvc.Action[play.api.mvc.AnyContent].[0m
[0m[[0m[31merror[0m] [0m[0mUnspecified value parameter name.[0m
[0m[[0m[31merror[0m] [0m[0mGET 	/hello 				controllers.HomeController.hello()[0m
[0m[[0m[31merror[0m] [0m[0mone error found[0m
[0m[[0m[31merror[0m] [0m[0m(Compile / [31mcompileIncremental[0m) Compilation failed[0m
[0m[[0m[0mdebug[0m] [0m[0mRunning task... Cancel: Signal, check cycles: false, forcegc: true[0m
[0m[[0m[0mdebug[0m] [0m[0mRunning task... Cancel: Signal, check cycles: false, forcegc: true[0m
[0m[[0m[0mdebug[0m] [0m[0mRunning task... Cancel: Signal, check cycles: false, forcegc: true[0m
[0m[[0m[0minfo[0m] [0m[0mcompiling 3 Scala sources to /Users/lbsanchez/Desktop/filesLoreto/08-07-2024/intro-play/target/scala-2.13/classes ...[0m
[0m[[0m[0minfo[0m] [0m[0mcompiling 1 Java source to /Users/lbsanchez/Desktop/filesLoreto/08-07-2024/intro-play/target/scala-2.13/classes ...[0m
[0m[[0m[0mdebug[0m] [0m[0mRunning task... Cancel: Signal, check cycles: false, forcegc: true[0m
[0m[[0m[0mdebug[0m] [0m[0mExporting web-assets:play-scala-hello-world-tutorial[0m
[0m[[0m[0mdebug[0m] [0m[0mRunning task... Cancel: Signal, check cycles: false, forcegc: true[0m
[0m[[0m[0minfo[0m] [0m[0mcompiling 3 Scala sources to /Users/lbsanchez/Desktop/filesLoreto/08-07-2024/intro-play/target/scala-2.13/classes ...[0m
[0m[[0m[0minfo[0m] [0m[0mcompiling 1 Java source to /Users/lbsanchez/Desktop/filesLoreto/08-07-2024/intro-play/target/scala-2.13/classes ...[0m
[0m[[0m[0mdebug[0m] [0m[0mRunning task... Cancel: Signal, check cycles: false, forcegc: true[0m
[0m[[0m[0mdebug[0m] [0m[0mExporting web-assets:play-scala-hello-world-tutorial[0m
[0m[[0m[0mdebug[0m] [0m[0mRunning task... Cancel: Signal, check cycles: false, forcegc: true[0m
[0m[[0m[31merror[0m] [0m[0m/Users/lbsanchez/Desktop/filesLoreto/08-07-2024/intro-play/conf/routes:10: Compilation error[It is not allowed to specify a fixed or default value for parameter: 'name' extracted from the path][0m
[0m[[0m[31merror[0m] [0m[0mGET 	/hello/:name 				controllers.HomeController.hello(name = "Jhong")[0m
[0m[[0m[31merror[0m] [0m[0m    	             				                                 ^[0m
[0m[[0m[31merror[0m] [0m[0m(Compile / [31mplayRoutes[0m) @86dfhgb9o: Compilation error[It is not allowed to specify a fixed or default value for parameter: 'name' extracted from the path] in /Users/lbsanchez/Desktop/filesLoreto/08-07-2024/intro-play/conf/routes:10[0m
[0m[[0m[0mdebug[0m] [0m[0mRunning task... Cancel: Signal, check cycles: false, forcegc: true[0m
[0m[[0m[0mdebug[0m] [0m[0mRunning task... Cancel: Signal, check cycles: false, forcegc: true[0m
[0m[[0m[31merror[0m] [0m[0m/Users/lbsanchez/Desktop/filesLoreto/08-07-2024/intro-play/conf/routes:10: Compilation error[It is not allowed to specify a fixed or default value for parameter: 'name' extracted from the path][0m
[0m[[0m[31merror[0m] [0m[0mGET 	/hello/:name 				controllers.HomeController.hello(name = "Jhong")[0m
[0m[[0m[31merror[0m] [0m[0m    	             				                                 ^[0m
[0m[[0m[31merror[0m] [0m[0m(Compile / [31mplayRoutes[0m) @86dfhhfi6: Compilation error[It is not allowed to specify a fixed or default value for parameter: 'name' extracted from the path] in /Users/lbsanchez/Desktop/filesLoreto/08-07-2024/intro-play/conf/routes:10[0m
[0m[[0m[0mdebug[0m] [0m[0mRunning task... Cancel: Signal, check cycles: false, forcegc: true[0m
[0m[[0m[0mdebug[0m] [0m[0mRunning task... Cancel: Signal, check cycles: false, forcegc: true[0m
[0m[[0m[31merror[0m] [0m[0m/Users/lbsanchez/Desktop/filesLoreto/08-07-2024/intro-play/conf/routes:10: Compilation error[It is not allowed to specify a fixed or default value for parameter: 'name' extracted from the path][0m
[0m[[0m[31merror[0m] [0m[0mGET 	/hello/:name 				controllers.HomeController.hello(name = "Jhong")[0m
[0m[[0m[31merror[0m] [0m[0m    	             				                                 ^[0m
[0m[[0m[0mdebug[0m] [0m[0mForcing garbage collection...[0m
[0m[[0m[31merror[0m] [0m[0m(Compile / [31mplayRoutes[0m) @86dfhi3ec: Compilation error[It is not allowed to specify a fixed or default value for parameter: 'name' extracted from the path] in /Users/lbsanchez/Desktop/filesLoreto/08-07-2024/intro-play/conf/routes:10[0m
[0m[[0m[0mdebug[0m] [0m[0mRunning task... Cancel: Signal, check cycles: false, forcegc: true[0m
[0m[[0m[0mdebug[0m] [0m[0mRunning task... Cancel: Signal, check cycles: false, forcegc: true[0m
[0m[[0m[0minfo[0m] [0m[0mcompiling 3 Scala sources to /Users/lbsanchez/Desktop/filesLoreto/08-07-2024/intro-play/target/scala-2.13/classes ...[0m
[0m[[0m[0minfo[0m] [0m[0mcompiling 1 Java source to /Users/lbsanchez/Desktop/filesLoreto/08-07-2024/intro-play/target/scala-2.13/classes ...[0m
[0m[[0m[0mdebug[0m] [0m[0mRunning task... Cancel: Signal, check cycles: false, forcegc: true[0m
[0m[[0m[0mdebug[0m] [0m[0mExporting web-assets:play-scala-hello-world-tutorial[0m
[0m[[0m[0mdebug[0m] [0m[0mRunning task... Cancel: Signal, check cycles: false, forcegc: true[0m
[0m[[0m[0minfo[0m] [0m[0mcompiling 2 Scala sources to /Users/lbsanchez/Desktop/filesLoreto/08-07-2024/intro-play/target/scala-2.13/classes ...[0m
[0m[[0m[0mdebug[0m] [0m[0mRunning task... Cancel: Signal, check cycles: false, forcegc: true[0m
[0m[[0m[0mdebug[0m] [0m[0mExporting web-assets:play-scala-hello-world-tutorial[0m
[0m[[0m[0mdebug[0m] [0m[0mjsonRpcNotify: JsonRpcNotificationMessage(2.0, shutdown, [false,null])[0m
[0m[[0m[0mdebug[0m] [0m[0mjsonRpcNotify: JsonRpcNotificationMessage(2.0, shutdown, [true,null])[0m
[0m[[0m[0mdebug[0m] [0m[0mRunning task... Cancel: Signal, check cycles: false, forcegc: true[0m
[0m[[0m[0minfo[0m] [0m[0mcompiling 12 Scala sources and 1 Java source to /Users/lbsanchez/Desktop/filesLoreto/08-07-2024/intro-play/target/scala-2.13/classes ...[0m
[0m[[0m[0minfo[0m] [0m[0mshutting down sbt server[0m
[0m[[0m[31merror[0m] [0m[0m/Users/lbsanchez/Desktop/filesLoreto/08-07-2024/intro-play/app/controllers/HomeController.scala:38:19: object loreto is not a member of package views.html[0m
[0m[[0m[31merror[0m] [0m[0m    Ok(views.html.loreto("Cris"))[0m
[0m[[0m[31merror[0m] [0m[0m                  ^[0m
[0m[[0m[31merror[0m] [0m[0mone error found[0m
[0m[[0m[0mdebug[0m] [0m[0mForcing garbage collection...[0m
[0m[[0m[31merror[0m] [0m[0m(Compile / [31mcompileIncremental[0m) Compilation failed[0m
[0m[[0m[0mdebug[0m] [0m[0mRunning task... Cancel: Signal, check cycles: false, forcegc: true[0m
[0m[[0m[0mdebug[0m] [0m[0mRunning task... Cancel: Signal, check cycles: false, forcegc: true[0m
